<?xml version="1.0" encoding="UTF-8"?>
<!-- Generated by org.testng.reporters.JUnitReportReporter -->
<testsuite name="com.script.Main" tests="1" time="14.315" ignored="0" failures="0" timestamp="18 Oct 2021 10:37:03 GMT" skipped="0" hostname="prajaktaka-w10" errors="0">
  <testcase name="Testng" time="14.315" classname="com.script.Main"/>
</testsuite> <!-- com.script.Main -->
